2024-04-25T21:52:08.666374+0300 | INFO | None:<module>:20 - Started logging successfully
2024-04-25T21:52:08.717749+0300 | DEBUG | MessageHandler:listen_blank_messages:167 - Got 1 blank messages
2024-04-25T21:52:08.717879+0300 | INFO | MessageHandler:fill_blank_message:26 - Got blank_message = <dtypes.message.Message object at 0x105783250>
2024-04-25T21:52:23.821508+0300 | INFO | MessageHandler:fill_blank_message:45 - Got gpt response -> {'status': 'ok', 'description': 'ok', 'data': 'Dear Den,\n\nI\'ve received your message "qwer." In order to provide you with specific assistance or information that adequately addresses your needs or questions related to Innova Consulting Group\'s services, it would be greatly beneficial if you could provide more detailed context or specify the area of interest you have in mind.\n\nOur expertise spans across legal solutions, strategic planning, marketing strategies, and more. Whether you\'re facing a particular challenge or seeking advice in one of these areas, more information about your situation or inquiry will enable us to offer you the most relevant support.\n\nI look forward to your response with additional details.\n\nBest regards,\nOleg Shevchenko'}
2024-04-25T21:52:23.873837+0300 | DEBUG | MessageHandler:fill_blank_message:50 - Got updated_message_response -> {'status': 'ok', 'description': 'ok', 'data': "UpdateResult({'n': 1, 'electionId': ObjectId('7fffffff00000000000000bd'), 'opTime': {'ts': Timestamp(1714071143, 31), 't': 189}, 'nModified': 1, 'ok': 1.0, '$clusterTime': {'clusterTime': Timestamp(1714071143, 31), 'signature': {'hash': b'\\x0c\\xd6\\x1d\\xeb1\\xb2\\xdd{\\x03\\x98\\x87\\xd9,\\n\\xb4\\xa7\\x8e\\x9dC\\xa1', 'keyId': 7306544719813672961}}, 'operationTime': Timestamp(1714071143, 31), 'updatedExisting': True}, acknowledged=True)"}
2024-04-26T18:30:58.689891+0300 | INFO | None:<module>:20 - Started logging successfully
2024-04-26T18:31:44.541018+0300 | DEBUG | MessageHandler:listen_blank_messages:197 - Got 1 blank messages
2024-04-26T18:31:44.542047+0300 | INFO | MessageHandler:fill_blank_message:26 - Got blank_message = <dtypes.message.Message object at 0x102f7ea90>
2024-04-26T18:31:44.595357+0300 | WARNING | MessageHandler:fill_blank_message:40 - Got wrong gpt response -> {'status': 'ok', 'description': 'ok', 'message': {'id': 'b88b4b7c6efb343c9306f8f1f5da407b_548', 'reply_to_id': None, 'reviewer_id': None, 'reviewed': False, 'dialog_id': 'b88b4b7c6efb343c9306f8f1f5da407b', 'sender_id': 'b88b4b7c6efb343c9306f8f1f5da407b', 'source': 'gmail', 'source_link': None, 'subject': 'Fwd: crystal.tax: запрос по Регистрация и юридическое сопровождение международных компаний в любой точке мира', 'status': 'received', 'date': 1714145501, 'text': 'qwe123---------- Forwarded message ---------От: Denis Minka <minka.denis@gmail.com>Date: пт, 26 апр. 2024\u202fг. в 17:55Subject: Fwd: crystal.tax: запрос по Регистрация и юридическое сопровождение международных компаний в любой точке мираTo: Oleg Shevchenko <manager.innovacg@gmail.com>qwe---------- Forwarded message ---------От: Oleg Shevchenko <manager.innovacg@gmail.com>Date: пт, 26 апр. 2024\u202fг. в 17:47Subject: crystal.tax: запрос по Регистрация и юридическое сопровождение международных компаний в любой точке мира To:  <minka.denis@gmail.com>\n\n'}}
2024-04-26T18:31:49.643615+0300 | DEBUG | MessageHandler:listen_blank_messages:197 - Got 1 blank messages
2024-04-26T18:31:49.643771+0300 | INFO | MessageHandler:fill_blank_message:26 - Got blank_message = <dtypes.message.Message object at 0x102f7f790>
2024-04-26T18:31:49.692703+0300 | WARNING | MessageHandler:fill_blank_message:40 - Got wrong gpt response -> {'status': 'ok', 'description': 'ok', 'message': {'id': 'b88b4b7c6efb343c9306f8f1f5da407b_548', 'reply_to_id': None, 'reviewer_id': None, 'reviewed': False, 'dialog_id': 'b88b4b7c6efb343c9306f8f1f5da407b', 'sender_id': 'b88b4b7c6efb343c9306f8f1f5da407b', 'source': 'gmail', 'source_link': None, 'subject': 'Fwd: crystal.tax: запрос по Регистрация и юридическое сопровождение международных компаний в любой точке мира', 'status': 'received', 'date': 1714145501, 'text': 'qwe123---------- Forwarded message ---------От: Denis Minka <minka.denis@gmail.com>Date: пт, 26 апр. 2024\u202fг. в 17:55Subject: Fwd: crystal.tax: запрос по Регистрация и юридическое сопровождение международных компаний в любой точке мираTo: Oleg Shevchenko <manager.innovacg@gmail.com>qwe---------- Forwarded message ---------От: Oleg Shevchenko <manager.innovacg@gmail.com>Date: пт, 26 апр. 2024\u202fг. в 17:47Subject: crystal.tax: запрос по Регистрация и юридическое сопровождение международных компаний в любой точке мира To:  <minka.denis@gmail.com>\n\n'}}
2024-04-26T18:31:54.745441+0300 | DEBUG | MessageHandler:listen_blank_messages:197 - Got 1 blank messages
2024-04-26T18:31:54.746198+0300 | INFO | MessageHandler:fill_blank_message:26 - Got blank_message = <dtypes.message.Message object at 0x102dabe50>
2024-04-26T18:31:54.796734+0300 | WARNING | MessageHandler:fill_blank_message:40 - Got wrong gpt response -> {'status': 'ok', 'description': 'ok', 'message': {'id': 'b88b4b7c6efb343c9306f8f1f5da407b_548', 'reply_to_id': None, 'reviewer_id': None, 'reviewed': False, 'dialog_id': 'b88b4b7c6efb343c9306f8f1f5da407b', 'sender_id': 'b88b4b7c6efb343c9306f8f1f5da407b', 'source': 'gmail', 'source_link': None, 'subject': 'Fwd: crystal.tax: запрос по Регистрация и юридическое сопровождение международных компаний в любой точке мира', 'status': 'received', 'date': 1714145501, 'text': 'qwe123---------- Forwarded message ---------От: Denis Minka <minka.denis@gmail.com>Date: пт, 26 апр. 2024\u202fг. в 17:55Subject: Fwd: crystal.tax: запрос по Регистрация и юридическое сопровождение международных компаний в любой точке мираTo: Oleg Shevchenko <manager.innovacg@gmail.com>qwe---------- Forwarded message ---------От: Oleg Shevchenko <manager.innovacg@gmail.com>Date: пт, 26 апр. 2024\u202fг. в 17:47Subject: crystal.tax: запрос по Регистрация и юридическое сопровождение международных компаний в любой точке мира To:  <minka.denis@gmail.com>\n\n'}}
2024-04-26T18:32:48.294411+0300 | INFO | None:<module>:20 - Started logging successfully
2024-04-26T18:32:48.346621+0300 | DEBUG | MessageHandler:listen_blank_messages:192 - Got 1 blank messages
2024-04-26T18:32:48.346740+0300 | INFO | MessageHandler:fill_blank_message:26 - Got blank_message = <dtypes.message.Message object at 0x105c46ed0>
2024-04-26T18:32:48.397510+0300 | WARNING | MessageHandler:fill_blank_message:47 - Got wrong gpt response -> {'status': 'err', 'description': "'target_id'", 'data': None}
2024-04-26T18:32:53.449515+0300 | DEBUG | MessageHandler:listen_blank_messages:192 - Got 1 blank messages
2024-04-26T18:32:53.449818+0300 | INFO | MessageHandler:fill_blank_message:26 - Got blank_message = <dtypes.message.Message object at 0x105c3ec10>
2024-04-26T18:32:53.501472+0300 | WARNING | MessageHandler:fill_blank_message:47 - Got wrong gpt response -> {'status': 'err', 'description': "'target_id'", 'data': None}
2024-04-26T18:32:58.559359+0300 | DEBUG | MessageHandler:listen_blank_messages:192 - Got 1 blank messages
2024-04-26T18:32:58.560427+0300 | INFO | MessageHandler:fill_blank_message:26 - Got blank_message = <dtypes.message.Message object at 0x105c46fd0>
2024-04-26T18:32:58.616065+0300 | WARNING | MessageHandler:fill_blank_message:47 - Got wrong gpt response -> {'status': 'err', 'description': "'target_id'", 'data': None}
2024-04-26T18:33:03.676006+0300 | DEBUG | MessageHandler:listen_blank_messages:192 - Got 1 blank messages
2024-04-26T18:33:03.676393+0300 | INFO | MessageHandler:fill_blank_message:26 - Got blank_message = <dtypes.message.Message object at 0x105c47750>
2024-04-26T18:33:03.730904+0300 | WARNING | MessageHandler:fill_blank_message:47 - Got wrong gpt response -> {'status': 'err', 'description': "'target_id'", 'data': None}
2024-04-26T18:33:08.794490+0300 | DEBUG | MessageHandler:listen_blank_messages:192 - Got 1 blank messages
2024-04-26T18:33:08.794781+0300 | INFO | MessageHandler:fill_blank_message:26 - Got blank_message = <dtypes.message.Message object at 0x105c58b10>
2024-04-26T18:33:08.843757+0300 | WARNING | MessageHandler:fill_blank_message:47 - Got wrong gpt response -> {'status': 'err', 'description': "'target_id'", 'data': None}
2024-04-26T18:33:13.899298+0300 | DEBUG | MessageHandler:listen_blank_messages:192 - Got 1 blank messages
2024-04-26T18:33:13.899754+0300 | INFO | MessageHandler:fill_blank_message:26 - Got blank_message = <dtypes.message.Message object at 0x105c46f10>
2024-04-26T18:33:13.967752+0300 | WARNING | MessageHandler:fill_blank_message:47 - Got wrong gpt response -> {'status': 'err', 'description': "'target_id'", 'data': None}
2024-04-26T18:33:19.024049+0300 | DEBUG | MessageHandler:listen_blank_messages:192 - Got 1 blank messages
2024-04-26T18:33:19.024568+0300 | INFO | MessageHandler:fill_blank_message:26 - Got blank_message = <dtypes.message.Message object at 0x105c5be50>
2024-04-26T18:33:19.078967+0300 | WARNING | MessageHandler:fill_blank_message:47 - Got wrong gpt response -> {'status': 'err', 'description': "'target_id'", 'data': None}
2024-04-26T18:33:24.131639+0300 | DEBUG | MessageHandler:listen_blank_messages:192 - Got 1 blank messages
2024-04-26T18:33:24.131767+0300 | INFO | MessageHandler:fill_blank_message:26 - Got blank_message = <dtypes.message.Message object at 0x105c5af90>
2024-04-26T18:33:24.184801+0300 | WARNING | MessageHandler:fill_blank_message:47 - Got wrong gpt response -> {'status': 'err', 'description': "'target_id'", 'data': None}
2024-04-26T18:33:29.661634+0300 | INFO | None:<module>:20 - Started logging successfully
2024-04-26T18:33:29.716675+0300 | DEBUG | MessageHandler:listen_blank_messages:192 - Got 1 blank messages
2024-04-26T18:33:29.716806+0300 | INFO | MessageHandler:fill_blank_message:26 - Got blank_message = <dtypes.message.Message object at 0x103aaae10>
2024-04-26T18:33:29.766906+0300 | WARNING | MessageHandler:fill_blank_message:47 - Got wrong gpt response -> {'status': 'err', 'description': "'target_id'", 'data': None}
2024-04-26T18:33:34.825087+0300 | DEBUG | MessageHandler:listen_blank_messages:192 - Got 1 blank messages
2024-04-26T18:33:34.826009+0300 | INFO | MessageHandler:fill_blank_message:26 - Got blank_message = <dtypes.message.Message object at 0x103aab810>
2024-04-26T18:33:34.883587+0300 | WARNING | MessageHandler:fill_blank_message:47 - Got wrong gpt response -> {'status': 'err', 'description': "'target_id'", 'data': None}
2024-04-26T18:33:39.935503+0300 | DEBUG | MessageHandler:listen_blank_messages:192 - Got 1 blank messages
2024-04-26T18:33:39.935886+0300 | INFO | MessageHandler:fill_blank_message:26 - Got blank_message = <dtypes.message.Message object at 0x103aaa910>
2024-04-26T18:33:39.992328+0300 | WARNING | MessageHandler:fill_blank_message:47 - Got wrong gpt response -> {'status': 'err', 'description': "'target_id'", 'data': None}
2024-04-26T18:33:43.906321+0300 | INFO | None:<module>:20 - Started logging successfully
2024-04-26T18:33:43.963292+0300 | DEBUG | MessageHandler:listen_blank_messages:192 - Got 1 blank messages
2024-04-26T18:33:43.963424+0300 | INFO | MessageHandler:fill_blank_message:26 - Got blank_message = <dtypes.message.Message object at 0x106a82f90>
2024-04-26T18:33:44.012031+0300 | WARNING | MessageHandler:fill_blank_message:47 - Got wrong gpt response -> {'status': 'err', 'description': "'target_id'", 'data': None}
2024-04-26T18:33:49.074601+0300 | DEBUG | MessageHandler:listen_blank_messages:192 - Got 1 blank messages
2024-04-26T18:33:49.075139+0300 | INFO | MessageHandler:fill_blank_message:26 - Got blank_message = <dtypes.message.Message object at 0x106a82e10>
2024-04-26T18:33:49.129545+0300 | WARNING | MessageHandler:fill_blank_message:47 - Got wrong gpt response -> {'status': 'err', 'description': "'target_id'", 'data': None}
2024-04-26T18:33:54.182460+0300 | DEBUG | MessageHandler:listen_blank_messages:192 - Got 1 blank messages
2024-04-26T18:33:54.182702+0300 | INFO | MessageHandler:fill_blank_message:26 - Got blank_message = <dtypes.message.Message object at 0x106a82f90>
2024-04-26T18:33:54.233868+0300 | WARNING | MessageHandler:fill_blank_message:47 - Got wrong gpt response -> {'status': 'err', 'description': "'target_id'", 'data': None}
2024-04-26T18:33:59.287567+0300 | DEBUG | MessageHandler:listen_blank_messages:192 - Got 1 blank messages
2024-04-26T18:33:59.287823+0300 | INFO | MessageHandler:fill_blank_message:26 - Got blank_message = <dtypes.message.Message object at 0x1063bd610>
2024-04-26T18:33:59.360487+0300 | WARNING | MessageHandler:fill_blank_message:47 - Got wrong gpt response -> {'status': 'err', 'description': "'target_id'", 'data': None}
2024-04-26T18:34:04.718435+0300 | DEBUG | MessageHandler:listen_blank_messages:192 - Got 1 blank messages
2024-04-26T18:34:04.718566+0300 | INFO | MessageHandler:fill_blank_message:26 - Got blank_message = <dtypes.message.Message object at 0x106a83d90>
2024-04-26T18:34:13.540729+0300 | DEBUG | MessageHandler:fill_blank_message:54 - Got updated_message_response -> {'status': 'ok', 'description': 'ok', 'data': "UpdateResult({'n': 1, 'electionId': ObjectId('7fffffff00000000000000bd'), 'opTime': {'ts': Timestamp(1714145653, 20), 't': 189}, 'nModified': 1, 'ok': 1.0, '$clusterTime': {'clusterTime': Timestamp(1714145653, 20), 'signature': {'hash': b'\\xee\\xc0\\x95\\xefA8+\\x03/\\xc5\\x9fM\\x02\\x8a\\xb8\\x0c\\xb5\\x16Jr', 'keyId': 7306544719813672961}}, 'operationTime': Timestamp(1714145653, 20), 'updatedExisting': True}, acknowledged=True)"}
2024-04-26T18:34:25.118789+0300 | INFO | MessageHandler:fill_blank_message:70 - Got gpt response -> {'status': 'ok', 'description': 'ok', 'data': "I'm sorry, but I can't continue the conversation without specific information or context regarding your request. If you have a particular question or need assistance, please feel free to ask."}
2024-04-26T18:34:25.172675+0300 | DEBUG | MessageHandler:fill_blank_message:75 - Got updated_message_response -> {'status': 'ok', 'description': 'ok', 'data': "UpdateResult({'n': 1, 'electionId': ObjectId('7fffffff00000000000000bd'), 'opTime': {'ts': Timestamp(1714145665, 6), 't': 189}, 'nModified': 1, 'ok': 1.0, '$clusterTime': {'clusterTime': Timestamp(1714145665, 6), 'signature': {'hash': b'hA\\x1c\\x02;\\xe8q\\xcf\\xd8<\\xb9\\\\|K\\x01U\\x9c\\x1cO9', 'keyId': 7306544719813672961}}, 'operationTime': Timestamp(1714145665, 6), 'updatedExisting': True}, acknowledged=True)"}
2024-04-26T18:42:53.229677+0300 | INFO | None:<module>:20 - Started logging successfully
2024-04-26T18:44:14.148633+0300 | DEBUG | MessageHandler:listen_review_messages:186 - Got 1 review messages
2024-04-26T18:44:14.150949+0300 | INFO | MessageHandler:review_message:82 - Got review_message = <dtypes.message.Message object at 0x105182f10>
2024-04-26T18:44:26.023754+0300 | DEBUG | MessageHandler:review_message:102 - Got cleaned updated_message_response -> {'status': 'ok', 'description': 'ok', 'data': "UpdateResult({'n': 1, 'electionId': ObjectId('7fffffff00000000000000bd'), 'opTime': {'ts': Timestamp(1714146266, 1), 't': 189}, 'nModified': 1, 'ok': 1.0, '$clusterTime': {'clusterTime': Timestamp(1714146266, 1), 'signature': {'hash': b'\\xdb\\xbd\\xc87\\x061u\\xf3.\\xac\\x1e\\x86\\xbb{a\\xab#\\xc2M\\xa1', 'keyId': 7306544719813672961}}, 'operationTime': Timestamp(1714146266, 1), 'updatedExisting': True}, acknowledged=True)"}
2024-04-26T18:44:26.024343+0300 | DEBUG | MessageHandler:review_message:104 - Trying to get reply message -> b88b4b7c6efb343c9306f8f1f5da407b_548_reply
2024-04-26T18:44:26.082096+0300 | DEBUG | MessageHandler:review_message:110 - Got response from getting ask message -> {'status': 'ok', 'description': 'ok', 'message': {'id': 'b88b4b7c6efb343c9306f8f1f5da407b_548_reply', 'reply_to_id': 'b88b4b7c6efb343c9306f8f1f5da407b_548', 'reviewer_id': None, 'reviewed': False, 'dialog_id': 'b88b4b7c6efb343c9306f8f1f5da407b', 'sender_id': 'bot', 'source': 'gmail', 'source_link': None, 'subject': 'Fwd: crystal.tax: запрос по Регистрация и юридическое сопровождение международных компаний в любой точке мира', 'status': 'sent', 'date': 1714145501, 'text': "<p>I'm sorry, but I can't continue the conversation without specific information or context regarding your request. If you have a particular question or need assistance, please feel free to ask.</p>"}}
2024-04-26T18:44:40.794447+0300 | INFO | MessageHandler:review_message:136 - Got gpt response -> {'status': 'ok', 'description': 'ok', 'data': 'We can certainly assist with the creation of a company named qwe123qwe in Australia. \n\nHave a nice day!\n\nKind regards,\nOleg Shevchenko,\nChief Development Officer of the Group of Companies "INNOVA Consulting Group"\nmob.: +38 067-77-77-230 (Telegram, WhatsApp, Viber)\n\n INNOVA Consulting Group (innova.ua) - Approved by 11-years of experience services for business:\nwww.Legal.ua => approved legal solutions for SME\nwww.Keys.ua => audit and accounting services\nwww.Mmix.ua => marketing services, web-sites development\nwww.Crystal.tax => international tax planning'}
2024-04-26T18:44:40.824252+0300 | DEBUG | MessageHandler:review_message:149 - Trying to update target message -> Message(id=b88b4b7c6efb343c9306f8f1f5da407b_548_reply)
2024-04-26T18:44:40.879189+0300 | DEBUG | MessageHandler:review_message:154 - Got updated target message response -> {'status': 'ok', 'description': 'ok', 'data': "UpdateResult({'n': 1, 'electionId': ObjectId('7fffffff00000000000000bd'), 'opTime': {'ts': Timestamp(1714146280, 29), 't': 189}, 'nModified': 1, 'ok': 1.0, '$clusterTime': {'clusterTime': Timestamp(1714146280, 29), 'signature': {'hash': b'\\xb3u\\xa77\\xd5f\\xd4u\\xfb6\\xeb\\x0bg!K\\xf3\\x0e\\x9f\\x12\\x00', 'keyId': 7306544719813672961}}, 'operationTime': Timestamp(1714146280, 29), 'updatedExisting': True}, acknowledged=True)"}
2024-04-26T18:44:40.879257+0300 | DEBUG | MessageHandler:review_message:159 - Trying to update review message -> Message(id=b88b4b7c6efb343c9306f8f1f5da407b_548_review_cbb304c03af63cb0a3beda3518389694)
2024-04-26T18:44:40.932526+0300 | DEBUG | MessageHandler:review_message:166 - Got updated review message response -> {'status': 'ok', 'description': 'ok', 'data': "UpdateResult({'n': 1, 'electionId': ObjectId('7fffffff00000000000000bd'), 'opTime': {'ts': Timestamp(1714146280, 30), 't': 189}, 'nModified': 1, 'ok': 1.0, '$clusterTime': {'clusterTime': Timestamp(1714146280, 30), 'signature': {'hash': b'\\xb3u\\xa77\\xd5f\\xd4u\\xfb6\\xeb\\x0bg!K\\xf3\\x0e\\x9f\\x12\\x00', 'keyId': 7306544719813672961}}, 'operationTime': Timestamp(1714146280, 30), 'updatedExisting': True}, acknowledged=True)"}
2024-04-26T18:50:46.230879+0300 | INFO | None:<module>:20 - Started logging successfully
2024-04-26T18:51:41.992356+0300 | DEBUG | MessageHandler:listen_blank_messages:213 - Got 1 blank messages
2024-04-26T18:51:41.994143+0300 | INFO | MessageHandler:fill_blank_message:26 - Got blank_message = <dtypes.message.Message object at 0x103a4ee10>
2024-04-26T18:51:50.307832+0300 | DEBUG | MessageHandler:fill_blank_message:54 - Got cleaned updated_message_response -> {'status': 'ok', 'description': 'ok', 'data': "UpdateResult({'n': 1, 'electionId': ObjectId('7fffffff00000000000000bd'), 'opTime': {'ts': Timestamp(1714146710, 14), 't': 189}, 'nModified': 1, 'ok': 1.0, '$clusterTime': {'clusterTime': Timestamp(1714146710, 14), 'signature': {'hash': b'U\\xc4\\xc0\\xdd\\x0f\\x80\\xa3\\xe4h\\x86(\\x15`\\xd6\\x8c\\xd8\\x84\\xe5\\x02\\xb2', 'keyId': 7306544719813672961}}, 'operationTime': Timestamp(1714146710, 14), 'updatedExisting': True}, acknowledged=True)"}
2024-04-26T18:51:58.493123+0300 | INFO | MessageHandler:fill_blank_message:70 - Got gpt response -> {'status': 'ok', 'description': 'ok', 'data': "I'm sorry, but I can't assist with the request."}
2024-04-26T18:51:58.545408+0300 | DEBUG | MessageHandler:fill_blank_message:75 - Got updated_message_response -> {'status': 'ok', 'description': 'ok', 'data': 'UpdateResult({\'n\': 1, \'electionId\': ObjectId(\'7fffffff00000000000000bd\'), \'opTime\': {\'ts\': Timestamp(1714146718, 18), \'t\': 189}, \'nModified\': 1, \'ok\': 1.0, \'$clusterTime\': {\'clusterTime\': Timestamp(1714146718, 18), \'signature\': {\'hash\': b\'\\xac\\xe8-A|9\\x0c"w8\\x9a.\\x94\\x00\\x9e\\x14\\xd7o\\xabf\', \'keyId\': 7306544719813672961}}, \'operationTime\': Timestamp(1714146718, 18), \'updatedExisting\': True}, acknowledged=True)'}
2024-04-26T18:53:33.198510+0300 | DEBUG | MessageHandler:listen_review_messages:190 - Got 1 review messages
2024-04-26T18:53:33.200128+0300 | INFO | MessageHandler:review_message:82 - Got review_message = <dtypes.message.Message object at 0x103963550>
2024-04-26T18:53:41.447966+0300 | DEBUG | MessageHandler:review_message:106 - Got cleaned updated_message_response -> {'status': 'ok', 'description': 'ok', 'data': 'UpdateResult({\'n\': 1, \'electionId\': ObjectId(\'7fffffff00000000000000bd\'), \'opTime\': {\'ts\': Timestamp(1714146821, 18), \'t\': 189}, \'nModified\': 1, \'ok\': 1.0, \'$clusterTime\': {\'clusterTime\': Timestamp(1714146821, 18), \'signature\': {\'hash\': b\'\\x96\\xb4&\\xd2\\x13;(\\xae"}u\\x96\\xf5xi\\xf2\\xfa=\\xd0j\', \'keyId\': 7306544719813672961}}, \'operationTime\': Timestamp(1714146821, 18), \'updatedExisting\': True}, acknowledged=True)'}
2024-04-26T18:53:41.448185+0300 | DEBUG | MessageHandler:review_message:108 - Trying to get reply message -> b88b4b7c6efb343c9306f8f1f5da407b_550_reply
2024-04-26T18:53:41.497006+0300 | DEBUG | MessageHandler:review_message:114 - Got response from getting ask message -> {'status': 'ok', 'description': 'ok', 'message': {'id': 'b88b4b7c6efb343c9306f8f1f5da407b_550_reply', 'reply_to_id': 'b88b4b7c6efb343c9306f8f1f5da407b_550', 'reviewer_id': None, 'reviewed': False, 'dialog_id': 'b88b4b7c6efb343c9306f8f1f5da407b', 'sender_id': 'bot', 'source': 'gmail', 'source_link': None, 'subject': 'Fwd: crystal.tax: запрос по Регистрация и юридическое сопровождение международных компаний в любой точке мира', 'status': 'sent', 'date': 1714146697, 'text': "<p>I'm sorry, but I can't assist with the request.</p>"}}
2024-04-26T18:53:49.544213+0300 | INFO | MessageHandler:review_message:140 - Got gpt response -> {'status': 'ok', 'description': 'ok', 'data': 'We can assist with the creation of a company named Qwerty.'}
2024-04-26T18:53:49.544969+0300 | DEBUG | MessageHandler:review_message:153 - Trying to update target message -> Message(id=b88b4b7c6efb343c9306f8f1f5da407b_550_reply)
2024-04-26T18:53:49.599231+0300 | DEBUG | MessageHandler:review_message:158 - Got updated target message response -> {'status': 'ok', 'description': 'ok', 'data': "UpdateResult({'n': 1, 'electionId': ObjectId('7fffffff00000000000000bd'), 'opTime': {'ts': Timestamp(1714146829, 19), 't': 189}, 'nModified': 1, 'ok': 1.0, '$clusterTime': {'clusterTime': Timestamp(1714146829, 19), 'signature': {'hash': b'K}\\xde*\\xed\\x9e\\xa5\\x95cB\\xb3\\x8a\\xd2\\x1d\\x06?{\\x05m\\xda', 'keyId': 7306544719813672961}}, 'operationTime': Timestamp(1714146829, 19), 'updatedExisting': True}, acknowledged=True)"}
2024-04-26T18:53:49.599330+0300 | DEBUG | MessageHandler:review_message:163 - Trying to update review message -> Message(id=b88b4b7c6efb343c9306f8f1f5da407b_550_review_cbb304c03af63cb0a3beda3518389694)
2024-04-26T18:53:49.653996+0300 | DEBUG | MessageHandler:review_message:170 - Got updated review message response -> {'status': 'ok', 'description': 'ok', 'data': "UpdateResult({'n': 1, 'electionId': ObjectId('7fffffff00000000000000bd'), 'opTime': {'ts': Timestamp(1714146829, 21), 't': 189}, 'nModified': 1, 'ok': 1.0, '$clusterTime': {'clusterTime': Timestamp(1714146829, 21), 'signature': {'hash': b'K}\\xde*\\xed\\x9e\\xa5\\x95cB\\xb3\\x8a\\xd2\\x1d\\x06?{\\x05m\\xda', 'keyId': 7306544719813672961}}, 'operationTime': Timestamp(1714146829, 21), 'updatedExisting': True}, acknowledged=True)"}
2024-04-26T18:58:17.558051+0300 | DEBUG | MessageHandler:listen_blank_messages:213 - Got 1 blank messages
2024-04-26T18:58:17.558918+0300 | INFO | MessageHandler:fill_blank_message:26 - Got blank_message = <dtypes.message.Message object at 0x103e932d0>
2024-04-26T18:58:25.868554+0300 | DEBUG | MessageHandler:fill_blank_message:54 - Got cleaned updated_message_response -> {'status': 'ok', 'description': 'ok', 'data': 'UpdateResult({\'n\': 1, \'electionId\': ObjectId(\'7fffffff00000000000000bd\'), \'opTime\': {\'ts\': Timestamp(1714147105, 29), \'t\': 189}, \'nModified\': 1, \'ok\': 1.0, \'$clusterTime\': {\'clusterTime\': Timestamp(1714147105, 29), \'signature\': {\'hash\': b\'\\x1f\\x98h\\xdec\\x85\\xde/1\\x16\\x8a\\x86"C\\xeeF\\xe5\\xb5\\xe0\\xdf\', \'keyId\': 7306544719813672961}}, \'operationTime\': Timestamp(1714147105, 29), \'updatedExisting\': True}, acknowledged=True)'}
2024-04-26T18:58:41.550619+0300 | INFO | MessageHandler:fill_blank_message:70 - Got gpt response -> {'status': 'ok', 'description': 'ok', 'data': "Dear Den,\n\nThank you for your inquiry regarding the cost of a consultation. At Innova Consulting Group, we pride ourselves on providing expert advice and solutions tailored to our clients' specific needs, backed by our 12 years of experience across legal, strategic, and marketing domains.\n\nTo provide you with an accurate cost estimate for a consultation, I would need a bit more information about the nature of the consultation you're seeking. Our rates can vary depending on the complexity and scope of the advice or services required.\n\nPlease let me know more about the type of consultation you're interested in, whether it relates to legal solutions, business strategies, marketing efforts, or other areas. This will help us give you a more precise cost estimate.\n\nLooking forward to your response.\n\nBest regards,\nOleg Shevchenko"}
2024-04-26T18:58:41.625859+0300 | DEBUG | MessageHandler:fill_blank_message:75 - Got updated_message_response -> {'status': 'ok', 'description': 'ok', 'data': "UpdateResult({'n': 1, 'electionId': ObjectId('7fffffff00000000000000bd'), 'opTime': {'ts': Timestamp(1714147121, 20), 't': 189}, 'nModified': 1, 'ok': 1.0, '$clusterTime': {'clusterTime': Timestamp(1714147121, 20), 'signature': {'hash': b'f\\x17hKv\\xed\\x1fP*\\xf86z\\xf7>\\xd0\\xd1e\\xfd\\xc94', 'keyId': 7306544719813672961}}, 'operationTime': Timestamp(1714147121, 20), 'updatedExisting': True}, acknowledged=True)"}
2024-04-26T19:00:08.574449+0300 | DEBUG | MessageHandler:listen_review_messages:190 - Got 1 review messages
2024-04-26T19:00:08.575552+0300 | INFO | MessageHandler:review_message:82 - Got review_message = <dtypes.message.Message object at 0x103af3090>
2024-04-26T19:00:16.883249+0300 | DEBUG | MessageHandler:review_message:106 - Got cleaned updated_message_response -> {'status': 'ok', 'description': 'ok', 'data': "UpdateResult({'n': 1, 'electionId': ObjectId('7fffffff00000000000000bd'), 'opTime': {'ts': Timestamp(1714147216, 27), 't': 189}, 'nModified': 1, 'ok': 1.0, '$clusterTime': {'clusterTime': Timestamp(1714147216, 27), 'signature': {'hash': b'fg\\xd5k\\xfe\\xfb\\xb6a\\xc7\\xb1<\\x98\\x01%\\xf0\\x1a\\xf6M\\xb1\\xac', 'keyId': 7306544719813672961}}, 'operationTime': Timestamp(1714147216, 27), 'updatedExisting': True}, acknowledged=True)"}
2024-04-26T19:00:16.883677+0300 | DEBUG | MessageHandler:review_message:108 - Trying to get reply message -> b88b4b7c6efb343c9306f8f1f5da407b_552_reply
2024-04-26T19:00:16.941617+0300 | DEBUG | MessageHandler:review_message:114 - Got response from getting ask message -> {'status': 'ok', 'description': 'ok', 'message': {'id': 'b88b4b7c6efb343c9306f8f1f5da407b_552_reply', 'reply_to_id': 'b88b4b7c6efb343c9306f8f1f5da407b_552', 'reviewer_id': None, 'reviewed': False, 'dialog_id': 'b88b4b7c6efb343c9306f8f1f5da407b', 'sender_id': 'bot', 'source': 'gmail', 'source_link': None, 'subject': 'Fwd: crystal.tax: запрос по Регистрация и юридическое сопровождение международных компаний в любой точке мира', 'status': 'sent', 'date': 1714147094, 'text': "<p>Dear Den,</p>\n<p>Thank you for your inquiry regarding the cost of a consultation. At Innova Consulting Group, we pride ourselves on providing expert advice and solutions tailored to our clients' specific needs, backed by our 12 years of experience across legal, strategic, and marketing domains.</p>\n<p>To provide you with an accurate cost estimate for a consultation, I would need a bit more information about the nature of the consultation you're seeking. Our rates can vary depending on the complexity and scope of the advice or services required.</p>\n<p>Please let me know more about the type of consultation you're interested in, whether it relates to legal solutions, business strategies, marketing efforts, or other areas. This will help us give you a more precise cost estimate.</p>\n<p>Looking forward to your response.</p>\n<p>Best regards,\nOleg Shevchenko</p>"}}
2024-04-26T19:00:31.529066+0300 | INFO | MessageHandler:review_message:140 - Got gpt response -> {'status': 'ok', 'description': 'ok', 'data': 'Dear Den,\n\nThank you for your inquiry regarding the cost of a consultation. Your request is of utmost importance to us at Innova Consulting Group, where we ensure to provide expert advice and bespoke solutions for our esteemed clients.\n\nConsidering your needs, the cost for your consultation will be 150 euro. This is based on our extensive expertise across legal, strategic, and marketing domains which we have developed over 12 years.\n\nWe are looking forward to providing you with excellent service and expertise. \n\nBest regards,\nOleg Shevchenko\n'}
2024-04-26T19:00:31.532410+0300 | DEBUG | MessageHandler:review_message:153 - Trying to update target message -> Message(id=b88b4b7c6efb343c9306f8f1f5da407b_552_reply)
2024-04-26T19:00:31.588417+0300 | DEBUG | MessageHandler:review_message:158 - Got updated target message response -> {'status': 'ok', 'description': 'ok', 'data': "UpdateResult({'n': 1, 'electionId': ObjectId('7fffffff00000000000000bd'), 'opTime': {'ts': Timestamp(1714147231, 24), 't': 189}, 'nModified': 1, 'ok': 1.0, '$clusterTime': {'clusterTime': Timestamp(1714147231, 24), 'signature': {'hash': b'\\x00q,\\xc7\\\\?\\x8e8\\xa4\\x045\\xa13\\xaa\\n\\xce\\xf6D\\n\\xd4', 'keyId': 7306544719813672961}}, 'operationTime': Timestamp(1714147231, 24), 'updatedExisting': True}, acknowledged=True)"}
2024-04-26T19:00:31.588642+0300 | DEBUG | MessageHandler:review_message:163 - Trying to update review message -> Message(id=b88b4b7c6efb343c9306f8f1f5da407b_552_review_cbb304c03af63cb0a3beda3518389694)
2024-04-26T19:00:31.646718+0300 | DEBUG | MessageHandler:review_message:170 - Got updated review message response -> {'status': 'ok', 'description': 'ok', 'data': "UpdateResult({'n': 1, 'electionId': ObjectId('7fffffff00000000000000bd'), 'opTime': {'ts': Timestamp(1714147231, 26), 't': 189}, 'nModified': 1, 'ok': 1.0, '$clusterTime': {'clusterTime': Timestamp(1714147231, 26), 'signature': {'hash': b'\\x00q,\\xc7\\\\?\\x8e8\\xa4\\x045\\xa13\\xaa\\n\\xce\\xf6D\\n\\xd4', 'keyId': 7306544719813672961}}, 'operationTime': Timestamp(1714147231, 26), 'updatedExisting': True}, acknowledged=True)"}
2024-04-26T19:03:50.441233+0300 | INFO | None:<module>:20 - Started logging successfully
2024-04-26T19:04:35.975277+0300 | DEBUG | MessageHandler:listen_blank_messages:213 - Got 1 blank messages
2024-04-26T19:04:35.976516+0300 | INFO | MessageHandler:fill_blank_message:26 - Got blank_message = <dtypes.message.Message object at 0x107569550>
2024-04-26T19:04:44.460056+0300 | DEBUG | MessageHandler:fill_blank_message:54 - Got cleaned updated_message_response -> {'status': 'ok', 'description': 'ok', 'data': 'UpdateResult({\'n\': 1, \'electionId\': ObjectId(\'7fffffff00000000000000bd\'), \'opTime\': {\'ts\': Timestamp(1714147484, 13), \'t\': 189}, \'nModified\': 1, \'ok\': 1.0, \'$clusterTime\': {\'clusterTime\': Timestamp(1714147484, 13), \'signature\': {\'hash\': b\'\\x98\\xfe\\xb4\\x03b\\x1aGz"j\\x9a\\x8cf/V\\xc9L\\xb0%\\xf8\', \'keyId\': 7306544719813672961}}, \'operationTime\': Timestamp(1714147484, 13), \'updatedExisting\': True}, acknowledged=True)'}
2024-04-26T19:05:06.404647+0300 | INFO | MessageHandler:fill_blank_message:70 - Got gpt response -> {'status': 'ok', 'description': 'ok', 'data': "Dear Den,\n\nFor consultations and other services at Innova Consulting Group, you have the option to make payments through the following methods:\n\n1. Monobank - Payment is processed in hryvnia.\n2. PrivatBank - Payment is also processed in hryvnia.\n\nPlease let me know if you have a preference for either of these payment methods, or if you need more detailed information on how to proceed with the payment. We're here to make the process as smooth as possible for you.\n\nBest regards,\nOleg Shevchenko"}
2024-04-26T19:05:06.461801+0300 | DEBUG | MessageHandler:fill_blank_message:75 - Got updated_message_response -> {'status': 'ok', 'description': 'ok', 'data': "UpdateResult({'n': 1, 'electionId': ObjectId('7fffffff00000000000000bd'), 'opTime': {'ts': Timestamp(1714147506, 16), 't': 189}, 'nModified': 1, 'ok': 1.0, '$clusterTime': {'clusterTime': Timestamp(1714147506, 16), 'signature': {'hash': b'ZPi\\xfb\\x170Ld\\x19\\x15y]\\xdd3\\xb7z\\xf5\\xa3\\xc5\\x8f', 'keyId': 7306544719813672961}}, 'operationTime': Timestamp(1714147506, 16), 'updatedExisting': True}, acknowledged=True)"}
2024-04-26T19:07:22.777629+0300 | DEBUG | MessageHandler:listen_review_messages:190 - Got 1 review messages
2024-04-26T19:07:22.779369+0300 | INFO | MessageHandler:review_message:82 - Got review_message = <dtypes.message.Message object at 0x10759d710>
2024-04-26T19:07:31.035114+0300 | DEBUG | MessageHandler:review_message:106 - Got cleaned updated_message_response -> {'status': 'ok', 'description': 'ok', 'data': "UpdateResult({'n': 1, 'electionId': ObjectId('7fffffff00000000000000bd'), 'opTime': {'ts': Timestamp(1714147651, 3), 't': 189}, 'nModified': 1, 'ok': 1.0, '$clusterTime': {'clusterTime': Timestamp(1714147651, 3), 'signature': {'hash': b'\\\\\\xac\\xf3\\x85\\xacjF\\xc5\\xd59\\xd5\\x1fa\\x00f\\xcc{\\xd8S\\x89', 'keyId': 7306544719813672961}}, 'operationTime': Timestamp(1714147651, 3), 'updatedExisting': True}, acknowledged=True)"}
2024-04-26T19:07:31.035471+0300 | DEBUG | MessageHandler:review_message:108 - Trying to get reply message -> b88b4b7c6efb343c9306f8f1f5da407b_554_reply
2024-04-26T19:07:31.084514+0300 | DEBUG | MessageHandler:review_message:114 - Got response from getting ask message -> {'status': 'ok', 'description': 'ok', 'message': {'id': 'b88b4b7c6efb343c9306f8f1f5da407b_554_reply', 'reply_to_id': 'b88b4b7c6efb343c9306f8f1f5da407b_554', 'reviewer_id': None, 'reviewed': False, 'dialog_id': 'b88b4b7c6efb343c9306f8f1f5da407b', 'sender_id': 'bot', 'source': 'gmail', 'source_link': None, 'subject': 'Re: crystal.tax: запрос по Регистрация и юридическое сопровождение международных компаний в любой точке мира', 'status': 'sent', 'date': 1714147476, 'text': "<p>Dear Den,</p>\n<p>For consultations and other services at Innova Consulting Group, you have the option to make payments through the following methods:</p>\n<ol>\n<li>Monobank - Payment is processed in hryvnia.</li>\n<li>PrivatBank - Payment is also processed in hryvnia.</li>\n</ol>\n<p>Please let me know if you have a preference for either of these payment methods, or if you need more detailed information on how to proceed with the payment. We're here to make the process as smooth as possible for you.</p>\n<p>Best regards,\nOleg Shevchenko</p>"}}
2024-04-26T19:07:48.952284+0300 | INFO | MessageHandler:review_message:140 - Got gpt response -> {'status': 'ok', 'description': 'ok', 'data': '<p>Уважаемый Дэн,</p>\n<p>Для консультаций и других услуг в Innova Consulting Group, у вас есть возможность осуществлять платежи следующими способами:</p>\n<ol>\n<li>Монобанк - Оплата производится в гривне.</li>\n<li>ПриватБанк - Оплата также производится в гривне.</li>\n</ol>\n<p>Пожалуйста, сообщите мне, если у вас есть предпочтение к одному из этих способов оплаты, или если вам нужна более подробная информация о процессе оплаты. Мы здесь, чтобы сделать этот процесс для вас максимально удобным.</p>\n<p>С наилучшими пожеланиями,\nОлег Шевченко</p>\n'}
2024-04-26T19:07:48.955872+0300 | DEBUG | MessageHandler:review_message:153 - Trying to update target message -> Message(id=b88b4b7c6efb343c9306f8f1f5da407b_554_reply)
2024-04-26T19:07:49.013053+0300 | DEBUG | MessageHandler:review_message:158 - Got updated target message response -> {'status': 'ok', 'description': 'ok', 'data': "UpdateResult({'n': 1, 'electionId': ObjectId('7fffffff00000000000000bd'), 'opTime': {'ts': Timestamp(1714147669, 5), 't': 189}, 'nModified': 1, 'ok': 1.0, '$clusterTime': {'clusterTime': Timestamp(1714147669, 5), 'signature': {'hash': b'\\x1e\\xbb\\xe4&j\\x80.V\\x0b\\xaa\\xf6\\xc4s\\x7f\\xc5\\xd8\\x95\\xbe-3', 'keyId': 7306544719813672961}}, 'operationTime': Timestamp(1714147669, 5), 'updatedExisting': True}, acknowledged=True)"}
2024-04-26T19:07:49.013302+0300 | DEBUG | MessageHandler:review_message:163 - Trying to update review message -> Message(id=b88b4b7c6efb343c9306f8f1f5da407b_554_review_cbb304c03af63cb0a3beda3518389694)
2024-04-26T19:07:49.085472+0300 | DEBUG | MessageHandler:review_message:170 - Got updated review message response -> {'status': 'ok', 'description': 'ok', 'data': "UpdateResult({'n': 1, 'electionId': ObjectId('7fffffff00000000000000bd'), 'opTime': {'ts': Timestamp(1714147669, 6), 't': 189}, 'nModified': 1, 'ok': 1.0, '$clusterTime': {'clusterTime': Timestamp(1714147669, 7), 'signature': {'hash': b'\\x1e\\xbb\\xe4&j\\x80.V\\x0b\\xaa\\xf6\\xc4s\\x7f\\xc5\\xd8\\x95\\xbe-3', 'keyId': 7306544719813672961}}, 'operationTime': Timestamp(1714147669, 6), 'updatedExisting': True}, acknowledged=True)"}
